        -:    0:Source:dominion.c
        -:    0:Graph:dominion.gcno
        -:    0:Data:dominion.gcda
        -:    0:Runs:10
        -:    0:Programs:1
        -:    1:#include "dominion.h"
        -:    2:#include "dominion_helpers.h"
        -:    3:#include "rngs.h"
        -:    4:#include <stdio.h>
        -:    5:#include <math.h>
        -:    6:#include <stdlib.h>
        -:    7:
        -:    8:int compare(const void* a, const void* b) {
     2296:    9:  if (*(int*)a > *(int*)b)
    #####:   10:    return 1;
     2296:   11:  if (*(int*)a < *(int*)b)
      820:   12:    return -1;
     1476:   13:  return 0;
     2296:   14:}
        -:   15:
        -:   16:struct gameState* newGame() {
    #####:   17:  struct gameState* g = malloc(sizeof(struct gameState));
    #####:   18:  return g;
        -:   19:}
        -:   20:
        -:   21:int* kingdomCards(int k1, int k2, int k3, int k4, int k5, int k6, int k7,
        -:   22:		  int k8, int k9, int k10) {
    #####:   23:  int* k = malloc(10 * sizeof(int));
    #####:   24:  k[0] = k1;
    #####:   25:  k[1] = k2;
    #####:   26:  k[2] = k3;
    #####:   27:  k[3] = k4;
    #####:   28:  k[4] = k5;
    #####:   29:  k[5] = k6;
    #####:   30:  k[6] = k7;
    #####:   31:  k[7] = k8;
    #####:   32:  k[8] = k9;
    #####:   33:  k[9] = k10;
    #####:   34:  return k;
        -:   35:}
        -:   36:
        -:   37:int initializeGame(int numPlayers, int kingdomCards[10], int randomSeed,
        -:   38:		   struct gameState *state) {
        -:   39:
        -:   40:  int i;
        -:   41:  int j;
        -:   42:  int it;			
        -:   43:  //set up random number generator
       82:   44:  SelectStream(1);
       82:   45:  PutSeed((long)randomSeed);
        -:   46:  
        -:   47:  //check number of players
      164:   48:  if (numPlayers > MAX_PLAYERS || numPlayers < 2)
        -:   49:    {
    #####:   50:      return -1;
        -:   51:    }
        -:   52:
        -:   53:  //set number of players
       82:   54:  state->numPlayers = numPlayers;
        -:   55:
        -:   56:  //check selected kingdom cards are different
     1804:   57:  for (i = 0; i < 10; i++)
        -:   58:    {
    18040:   59:      for (j = 0; j < 10; j++)
        -:   60:        {
    15580:   61:	  if (j != i && kingdomCards[j] == kingdomCards[i])
        -:   62:	    {
    #####:   63:	      return -1;
        -:   64:	    }
     8200:   65:        }
      820:   66:    }
        -:   67:
        -:   68:
        -:   69:  //initialize supply
        -:   70:  ///////////////////////////////
        -:   71:
        -:   72:  //set number of Curse cards
       82:   73:  if (numPlayers == 2)
        -:   74:    {
       82:   75:      state->supplyCount[curse] = 10;
       82:   76:    }
    #####:   77:  else if (numPlayers == 3)
        -:   78:    {
    #####:   79:      state->supplyCount[curse] = 20;
    #####:   80:    }
        -:   81:  else
        -:   82:    {
    #####:   83:      state->supplyCount[curse] = 30;
        -:   84:    }
        -:   85:
        -:   86:  //set number of Victory cards
       82:   87:  if (numPlayers == 2)
        -:   88:    {
       82:   89:      state->supplyCount[estate] = 8;
       82:   90:      state->supplyCount[duchy] = 8;
       82:   91:      state->supplyCount[province] = 8;
       82:   92:    }
        -:   93:  else
        -:   94:    {
    #####:   95:      state->supplyCount[estate] = 12;
    #####:   96:      state->supplyCount[duchy] = 12;
    #####:   97:      state->supplyCount[province] = 12;
        -:   98:    }
        -:   99:
        -:  100:  //set number of Treasure cards
       82:  101:  state->supplyCount[copper] = 60 - (7 * numPlayers);
       82:  102:  state->supplyCount[silver] = 40;
       82:  103:  state->supplyCount[gold] = 30;
        -:  104:
        -:  105:  //set number of Kingdom cards
     3444:  106:  for (i = adventurer; i <= treasure_map; i++)       	//loop all cards
        -:  107:    {
    27060:  108:      for (j = 0; j < 10; j++)           		//loop chosen cards
        -:  109:	{
    12710:  110:	  if (kingdomCards[j] == i)
        -:  111:	    {
        -:  112:	      //check if card is a 'Victory' Kingdom card
     1560:  113:	      if (kingdomCards[j] == great_hall || kingdomCards[j] == gardens)
        -:  114:		{
      160:  115:		  if (numPlayers == 2){ 
      160:  116:		    state->supplyCount[i] = 8; 
      160:  117:		  }
    #####:  118:		  else{ state->supplyCount[i] = 12; }
      160:  119:		}
        -:  120:	      else
        -:  121:		{
      660:  122:		  state->supplyCount[i] = 10;
        -:  123:		}
      820:  124:	      break;
        -:  125:	    }
        -:  126:	  else    //card is not in the set choosen for the game
        -:  127:	    {
    11890:  128:	      state->supplyCount[i] = -1;
        -:  129:	    }
    11890:  130:	}
        -:  131:
     1640:  132:    }
        -:  133:
        -:  134:  ////////////////////////
        -:  135:  //supply intilization complete
        -:  136:
        -:  137:  //set player decks
      492:  138:  for (i = 0; i < numPlayers; i++)
        -:  139:    {
      164:  140:      state->deckCount[i] = 0;
     1312:  141:      for (j = 0; j < 3; j++)
        -:  142:	{
      492:  143:	  state->deck[i][j] = estate;
      492:  144:	  state->deckCount[i]++;
      492:  145:	}
     2624:  146:      for (j = 3; j < 10; j++)
        -:  147:	{
     1148:  148:	  state->deck[i][j] = copper;
     1148:  149:	  state->deckCount[i]++;		
     1148:  150:	}
      164:  151:    }
        -:  152:
        -:  153:  //shuffle player decks
      492:  154:  for (i = 0; i < numPlayers; i++)
        -:  155:    {
      164:  156:      if ( shuffle(i, state) < 0 )
        -:  157:	{
    #####:  158:	  return -1;
        -:  159:	}
      164:  160:    }
        -:  161:
        -:  162:  //draw player hands
      492:  163:  for (i = 0; i < numPlayers; i++)
        -:  164:    {  
        -:  165:      //initialize hand size to zero
      164:  166:      state->handCount[i] = 0;
      164:  167:      state->discardCount[i] = 0;
        -:  168:      //draw 5 cards
        -:  169:      // for (j = 0; j < 5; j++)
        -:  170:      //	{
        -:  171:      //	  drawCard(i, state);
        -:  172:      //	}
      164:  173:    }
        -:  174:  
        -:  175:  //set embargo tokens to 0 for all supply piles
     4592:  176:  for (i = 0; i <= treasure_map; i++)
        -:  177:    {
     2214:  178:      state->embargoTokens[i] = 0;
     2214:  179:    }
        -:  180:
        -:  181:  //initialize first player's turn
       82:  182:  state->outpostPlayed = 0;
       82:  183:  state->phase = 0;
       82:  184:  state->numActions = 1;
       82:  185:  state->numBuys = 1;
       82:  186:  state->playedCardCount = 0;
       82:  187:  state->whoseTurn = 0;
       82:  188:  state->handCount[state->whoseTurn] = 0;
        -:  189:  //int it; move to top
        -:  190:
        -:  191:  //Moved draw cards to here, only drawing at the start of a turn
      984:  192:  for (it = 0; it < 5; it++){
      410:  193:    drawCard(state->whoseTurn, state);
      410:  194:  }
        -:  195:
       82:  196:  updateCoins(state->whoseTurn, state, 0);
        -:  197:
       82:  198:  return 0;
       82:  199:}
        -:  200:
        -:  201:int shuffle(int player, struct gameState *state) {
        -:  202: 
        -:  203:
        -:  204:  int newDeck[MAX_DECK];
      164:  205:  int newDeckPos = 0;
        -:  206:  int card;
        -:  207:  int i;
        -:  208:
      164:  209:  if (state->deckCount[player] < 1)
    #####:  210:    return -1;
      164:  211:  qsort ((void*)(state->deck[player]), state->deckCount[player], sizeof(int), compare); 
        -:  212:  /* SORT CARDS IN DECK TO ENSURE DETERMINISM! */
        -:  213:
     3608:  214:  while (state->deckCount[player] > 0) {
     1640:  215:    card = floor(Random() * state->deckCount[player]);
     1640:  216:    newDeck[newDeckPos] = state->deck[player][card];
     1640:  217:    newDeckPos++;
    11480:  218:    for (i = card; i < state->deckCount[player]-1; i++) {
     4100:  219:      state->deck[player][i] = state->deck[player][i+1];
     4100:  220:    }
     1640:  221:    state->deckCount[player]--;
        -:  222:  }
     3608:  223:  for (i = 0; i < newDeckPos; i++) {
     1640:  224:    state->deck[player][i] = newDeck[i];
     1640:  225:    state->deckCount[player]++;
     1640:  226:  }
        -:  227:
      164:  228:  return 0;
      164:  229:}
        -:  230:
        -:  231:int playCard(int handPos, int choice1, int choice2, int choice3, struct gameState *state) 
        -:  232:{	
        -:  233:  int card;
    #####:  234:  int coin_bonus = 0; 		//tracks coins gain from actions
        -:  235:
        -:  236:  //check if it is the right phase
    #####:  237:  if (state->phase != 0)
        -:  238:    {
    #####:  239:      return -1;
        -:  240:    }
        -:  241:	
        -:  242:  //check if player has enough actions
    #####:  243:  if ( state->numActions < 1 )
        -:  244:    {
    #####:  245:      return -1;
        -:  246:    }
        -:  247:	
        -:  248:  //get card played
    #####:  249:  card = handCard(handPos, state);
        -:  250:	
        -:  251:  //check if selected card is an action
    #####:  252:  if ( card < adventurer || card > treasure_map )
        -:  253:    {
    #####:  254:      return -1;
        -:  255:    }
        -:  256:	
        -:  257:  //play card
    #####:  258:  if ( cardEffect(card, choice1, choice2, choice3, state, handPos, &coin_bonus) < 0 )
        -:  259:    {
    #####:  260:      return -1;
        -:  261:    }
        -:  262:	
        -:  263:  //reduce number of actions
    #####:  264:  state->numActions--;
        -:  265:
        -:  266:  //update coins (Treasure cards may be added with card draws)
    #####:  267:  updateCoins(state->whoseTurn, state, coin_bonus);
        -:  268:	
    #####:  269:  return 0;
    #####:  270:}
        -:  271:
        -:  272:int buyCard(int supplyPos, struct gameState *state) {
        -:  273:  int who;
        -:  274:  if (DEBUG){
        -:  275:    printf("Entering buyCard...\n");
        -:  276:  }
        -:  277:
        -:  278:  // I don't know what to do about the phase thing.
        -:  279:
    #####:  280:  who = state->whoseTurn;
        -:  281:
    #####:  282:  if (state->numBuys < 1){
        -:  283:    if (DEBUG)
        -:  284:      printf("You do not have any buys left\n");
    #####:  285:    return -1;
    #####:  286:  } else if (supplyCount(supplyPos, state) <1){
        -:  287:    if (DEBUG)
        -:  288:      printf("There are not any of that type of card left\n");
    #####:  289:    return -1;
    #####:  290:  } else if (state->coins < getCost(supplyPos)){
        -:  291:    if (DEBUG) 
        -:  292:      printf("You do not have enough money to buy that. You have %d coins.\n", state->coins);
    #####:  293:    return -1;
        -:  294:  } else {
    #####:  295:    state->phase=1;
        -:  296:    //state->supplyCount[supplyPos]--;
    #####:  297:    gainCard(supplyPos, state, 0, who); //card goes in discard, this might be wrong.. (2 means goes into hand, 0 goes into discard)
        -:  298:  
    #####:  299:    state->coins = (state->coins) - (getCost(supplyPos));
    #####:  300:    state->numBuys--;
        -:  301:    if (DEBUG)
        -:  302:      printf("You bought card number %d for %d coins. You now have %d buys and %d coins.\n", supplyPos, getCost(supplyPos), state->numBuys, state->coins);
        -:  303:  }
        -:  304:
        -:  305:  //state->discard[who][state->discardCount[who]] = supplyPos;
        -:  306:  //state->discardCount[who]++;
        -:  307:    
    #####:  308:  return 0;
    #####:  309:}
        -:  310:
        -:  311:int numHandCards(struct gameState *state) {
       30:  312:  return state->handCount[ whoseTurn(state) ];
        -:  313:}
        -:  314:
        -:  315:int handCard(int handPos, struct gameState *state) {
    #####:  316:  int currentPlayer = whoseTurn(state);
    #####:  317:  return state->hand[currentPlayer][handPos];
        -:  318:}
        -:  319:
        -:  320:int supplyCount(int card, struct gameState *state) {
    #####:  321:  return state->supplyCount[card];
        -:  322:}
        -:  323:
        -:  324:int fullDeckCount(int player, int card, struct gameState *state) {
        -:  325:  int i;
       20:  326:  int count = 0;
        -:  327:
      160:  328:  for (i = 0; i < state->deckCount[player]; i++)
        -:  329:    {
      120:  330:      if (state->deck[player][i] == card) count++;
       60:  331:    }
        -:  332:
      160:  333:  for (i = 0; i < state->handCount[player]; i++)
        -:  334:    {
      120:  335:      if (state->hand[player][i] == card) count++;
       60:  336:    }
        -:  337:
      160:  338:  for (i = 0; i < state->discardCount[player]; i++)
        -:  339:    {
      120:  340:      if (state->discard[player][i] == card) count++;
       60:  341:    }
        -:  342:
       20:  343:  return count;
        -:  344:}
        -:  345:
        -:  346:int whoseTurn(struct gameState *state) {
       32:  347:  return state->whoseTurn;
        -:  348:}
        -:  349:
        -:  350:int endTurn(struct gameState *state) {
        -:  351:  int k;
        -:  352:  int i;
    #####:  353:  int currentPlayer = whoseTurn(state);
        -:  354:  
        -:  355:  //Discard hand
    #####:  356:  for (i = 0; i < state->handCount[currentPlayer]; i++){
    #####:  357:    state->discard[currentPlayer][state->discardCount[currentPlayer]++] = state->hand[currentPlayer][i];//Discard
    #####:  358:    state->hand[currentPlayer][i] = -1;//Set card to -1
    #####:  359:  }
    #####:  360:  state->handCount[currentPlayer] = 0;//Reset hand count
        -:  361:    
        -:  362:  //Code for determining the player
    #####:  363:  if (currentPlayer < (state->numPlayers - 1)){ 
    #####:  364:    state->whoseTurn = currentPlayer + 1;//Still safe to increment
    #####:  365:  }
        -:  366:  else{
    #####:  367:    state->whoseTurn = 0;//Max player has been reached, loop back around to player 1
        -:  368:  }
        -:  369:
    #####:  370:  state->outpostPlayed = 0;
    #####:  371:  state->phase = 0;
    #####:  372:  state->numActions = 1;
    #####:  373:  state->coins = 0;
    #####:  374:  state->numBuys = 1;
    #####:  375:  state->playedCardCount = 0;
    #####:  376:  state->handCount[state->whoseTurn] = 0;
        -:  377:
        -:  378:  //int k; move to top
        -:  379:  //Next player draws hand
    #####:  380:  for (k = 0; k < 5; k++){
    #####:  381:    drawCard(state->whoseTurn, state);//Draw a card
    #####:  382:  }
        -:  383:
        -:  384:  //Update money
    #####:  385:  updateCoins(state->whoseTurn, state , 0);
        -:  386:
    #####:  387:  return 0;
        -:  388:}
        -:  389:
        -:  390:int isGameOver(struct gameState *state) {
        -:  391:  int i;
        -:  392:  int j;
        -:  393:	
        -:  394:  //if stack of Province cards is empty, the game ends
    #####:  395:  if (state->supplyCount[province] == 0)
        -:  396:    {
    #####:  397:      return 1;
        -:  398:    }
        -:  399:
        -:  400:  //if three supply pile are at 0, the game ends
    #####:  401:  j = 0;
    #####:  402:  for (i = 0; i < 25; i++)
        -:  403:    {
    #####:  404:      if (state->supplyCount[i] == 0)
        -:  405:	{
    #####:  406:	  j++;
    #####:  407:	}
    #####:  408:    }
    #####:  409:  if ( j >= 3)
        -:  410:    {
    #####:  411:      return 1;
        -:  412:    }
        -:  413:
    #####:  414:  return 0;
    #####:  415:}
        -:  416:
        -:  417:int scoreFor (int player, struct gameState *state) {
        -:  418:
        -:  419:  int i;
    #####:  420:  int score = 0;
        -:  421:  //score from hand
    #####:  422:  for (i = 0; i < state->handCount[player]; i++)
        -:  423:    {
    #####:  424:      if (state->hand[player][i] == curse) { score = score - 1; };
    #####:  425:      if (state->hand[player][i] == estate) { score = score + 1; };
    #####:  426:      if (state->hand[player][i] == duchy) { score = score + 3; };
    #####:  427:      if (state->hand[player][i] == province) { score = score + 6; };
    #####:  428:      if (state->hand[player][i] == great_hall) { score = score + 1; };
    #####:  429:      if (state->hand[player][i] == gardens) { score = score + ( fullDeckCount(player, 0, state) / 10 ); };
    #####:  430:    }
        -:  431:
        -:  432:  //score from discard
    #####:  433:  for (i = 0; i < state->discardCount[player]; i++)
        -:  434:    {
    #####:  435:      if (state->discard[player][i] == curse) { score = score - 1; };
    #####:  436:      if (state->discard[player][i] == estate) { score = score + 1; };
    #####:  437:      if (state->discard[player][i] == duchy) { score = score + 3; };
    #####:  438:      if (state->discard[player][i] == province) { score = score + 6; };
    #####:  439:      if (state->discard[player][i] == great_hall) { score = score + 1; };
    #####:  440:      if (state->discard[player][i] == gardens) { score = score + ( fullDeckCount(player, 0, state) / 10 ); };
    #####:  441:    }
        -:  442:
        -:  443:  //score from deck
    #####:  444:  for (i = 0; i < state->discardCount[player]; i++)
        -:  445:    {
    #####:  446:      if (state->deck[player][i] == curse) { score = score - 1; };
    #####:  447:      if (state->deck[player][i] == estate) { score = score + 1; };
    #####:  448:      if (state->deck[player][i] == duchy) { score = score + 3; };
    #####:  449:      if (state->deck[player][i] == province) { score = score + 6; };
    #####:  450:      if (state->deck[player][i] == great_hall) { score = score + 1; };
    #####:  451:      if (state->deck[player][i] == gardens) { score = score + ( fullDeckCount(player, 0, state) / 10 ); };
    #####:  452:    }
        -:  453:
    #####:  454:  return score;
        -:  455:}
        -:  456:
        -:  457:int getWinners(int players[MAX_PLAYERS], struct gameState *state) {
        -:  458:  int i;	
        -:  459:  int j;
        -:  460:  int highScore;
        -:  461:  int currentPlayer;
        -:  462:
        -:  463:  //get score for each player
    #####:  464:  for (i = 0; i < MAX_PLAYERS; i++)
        -:  465:    {
        -:  466:      //set unused player scores to -9999
    #####:  467:      if (i >= state->numPlayers)
        -:  468:	{
    #####:  469:	  players[i] = -9999;
    #####:  470:	}
        -:  471:      else
        -:  472:	{
    #####:  473:	  players[i] = scoreFor (i, state);
        -:  474:	}
    #####:  475:    }
        -:  476:
        -:  477:  //find highest score
    #####:  478:  j = 0;
    #####:  479:  for (i = 0; i < MAX_PLAYERS; i++)
        -:  480:    {
    #####:  481:      if (players[i] > players[j])
        -:  482:	{
    #####:  483:	  j = i;
    #####:  484:	}
    #####:  485:    }
    #####:  486:  highScore = players[j];
        -:  487:
        -:  488:  //add 1 to players who had less turns
    #####:  489:  currentPlayer = whoseTurn(state);
    #####:  490:  for (i = 0; i < MAX_PLAYERS; i++)
        -:  491:    {
    #####:  492:      if ( players[i] == highScore && i > currentPlayer )
        -:  493:	{
    #####:  494:	  players[i]++;
    #####:  495:	}
    #####:  496:    }
        -:  497:
        -:  498:  //find new highest score
    #####:  499:  j = 0;
    #####:  500:  for (i = 0; i < MAX_PLAYERS; i++)
        -:  501:    {
    #####:  502:      if ( players[i] > players[j] )
        -:  503:	{
    #####:  504:	  j = i;
    #####:  505:	}
    #####:  506:    }
    #####:  507:  highScore = players[j];
        -:  508:
        -:  509:  //set winners in array to 1 and rest to 0
    #####:  510:  for (i = 0; i < MAX_PLAYERS; i++)
        -:  511:    {
    #####:  512:      if ( players[i] == highScore )
        -:  513:	{
    #####:  514:	  players[i] = 1;
    #####:  515:	}
        -:  516:      else
        -:  517:	{
    #####:  518:	  players[i] = 0;
        -:  519:	}
    #####:  520:    }
        -:  521:
    #####:  522:  return 0;
        -:  523:}
        -:  524:
        -:  525:int drawCard(int player, struct gameState *state)
        -:  526:{	int count;
        -:  527:  int deckCounter;
      495:  528:  if (state->deckCount[player] <= 0){//Deck is empty
        -:  529:    
        -:  530:    //Step 1 Shuffle the discard pile back into a deck
        -:  531:    int i;
        -:  532:    //Move discard to deck
    #####:  533:    for (i = 0; i < state->discardCount[player];i++){
    #####:  534:      state->deck[player][i] = state->discard[player][i];
    #####:  535:      state->discard[player][i] = -1;
    #####:  536:    }
        -:  537:
    #####:  538:    state->deckCount[player] = state->discardCount[player];
    #####:  539:    state->discardCount[player] = 0;//Reset discard
        -:  540:
        -:  541:    //Shufffle the deck
    #####:  542:    shuffle(player, state);//Shuffle the deck up and make it so that we can draw
        -:  543:   
        -:  544:    if (DEBUG){//Debug statements
        -:  545:      printf("Deck count now: %d\n", state->deckCount[player]);
        -:  546:    }
        -:  547:    
    #####:  548:    state->discardCount[player] = 0;
        -:  549:
        -:  550:    //Step 2 Draw Card
    #####:  551:    count = state->handCount[player];//Get current player's hand count
        -:  552:    
        -:  553:    if (DEBUG){//Debug statements
        -:  554:      printf("Current hand count: %d\n", count);
        -:  555:    }
        -:  556:    
    #####:  557:    deckCounter = state->deckCount[player];//Create a holder for the deck count
        -:  558:
    #####:  559:    if (deckCounter == 0)
    #####:  560:      return -1;
        -:  561:
    #####:  562:    state->hand[player][count] = state->deck[player][deckCounter - 1];//Add card to hand
    #####:  563:    state->deckCount[player]--;
    #####:  564:    state->handCount[player]++;//Increment hand count
    #####:  565:  }
        -:  566:
        -:  567:  else{
      495:  568:    int count = state->handCount[player];//Get current hand count for player
        -:  569:    int deckCounter;
        -:  570:    if (DEBUG){//Debug statements
        -:  571:      printf("Current hand count: %d\n", count);
        -:  572:    }
        -:  573:
      495:  574:    deckCounter = state->deckCount[player];//Create holder for the deck count
      495:  575:    state->hand[player][count] = state->deck[player][deckCounter - 1];//Add card to the hand
      495:  576:    state->deckCount[player]--;
      495:  577:    state->handCount[player]++;//Increment hand count
        -:  578:  }
        -:  579:
      495:  580:  return 0;
      495:  581:}
        -:  582:
        -:  583:int getCost(int cardNumber)
        -:  584:{
    #####:  585:  switch( cardNumber ) 
        -:  586:    {
        -:  587:    case curse:
    #####:  588:      return 0;
        -:  589:    case estate:
    #####:  590:      return 2;
        -:  591:    case duchy:
    #####:  592:      return 5;
        -:  593:    case province:
    #####:  594:      return 8;
        -:  595:    case copper:
    #####:  596:      return 0;
        -:  597:    case silver:
    #####:  598:      return 3;
        -:  599:    case gold:
    #####:  600:      return 6;
        -:  601:    case adventurer:
    #####:  602:      return 6;
        -:  603:    case council_room:
    #####:  604:      return 5;
        -:  605:    case feast:
    #####:  606:      return 4;
        -:  607:    case gardens:
    #####:  608:      return 4;
        -:  609:    case mine:
    #####:  610:      return 5;
        -:  611:    case remodel:
    #####:  612:      return 4;
        -:  613:    case smithy:
    #####:  614:      return 4;
        -:  615:    case village:
    #####:  616:      return 3;
        -:  617:    case baron:
    #####:  618:      return 4;
        -:  619:    case great_hall:
    #####:  620:      return 3;
        -:  621:    case minion:
    #####:  622:      return 5;
        -:  623:    case steward:
    #####:  624:      return 3;
        -:  625:    case tribute:
    #####:  626:      return 5;
        -:  627:    case ambassador:
    #####:  628:      return 3;
        -:  629:    case cutpurse:
    #####:  630:      return 4;
        -:  631:    case embargo: 
    #####:  632:      return 2;
        -:  633:    case outpost:
    #####:  634:      return 5;
        -:  635:    case salvager:
    #####:  636:      return 4;
        -:  637:    case sea_hag:
    #####:  638:      return 4;
        -:  639:    case treasure_map:
    #####:  640:      return 4;
        -:  641:    }
        -:  642:	
    #####:  643:  return -1;
    #####:  644:}
        -:  645:
        -:  646:int drawCards(struct gameState *state, int currentPlayer, int num)
        -:  647:{
        -:  648:  int i;
      170:  649:  for (i = 0; i < num; i++)
        -:  650:  {
       64:  651:    drawCard(currentPlayer, state);
       64:  652:  }
       21:  653:  return 0;
        -:  654:}
        -:  655:
        -:  656:int drawUntilTreasure(struct gameState *state, int currentPlayer, int num)
        -:  657:{
        -:  658:  int temphand[MAX_HAND]; 
    #####:  659:  int drawntreasure = 0;
        -:  660:  int cardDrawn;
    #####:  661:  int z = 0; // this is the counter for the temp hand
    #####:  662:  while (drawntreasure < num)
        -:  663:  {
    #####:  664:    if (state->deckCount[currentPlayer] < 1)
        -:  665:    { //if the deck is empty we need to shuffle discard and add to deck
    #####:  666:      shuffle(currentPlayer, state);
    #####:  667:    }
    #####:  668:    drawCard(currentPlayer, state);
    #####:  669:    cardDrawn = state->hand[currentPlayer][state->handCount[currentPlayer] - 1]; //top card of hand is most recently drawn card.
    #####:  670:    if (cardDrawn == copper || cardDrawn == silver || cardDrawn == gold)
    #####:  671:      drawntreasure++;
        -:  672:    else
        -:  673:    {
    #####:  674:      temphand[z] = cardDrawn;
    #####:  675:      state->handCount[currentPlayer]--; //this should just remove the top card (the most recently drawn one).
    #####:  676:      z++;
        -:  677:    }
        -:  678:  }
    #####:  679:  while (z - 1 >= 0)
        -:  680:  {
    #####:  681:    state->discard[currentPlayer][state->discardCount[currentPlayer]++] = temphand[z - 1]; // discard all cards in play that have been drawn
    #####:  682:    z = z - 1;
        -:  683:  }
    #####:  684:  return 0;
        -:  685:}
        -:  686:
        -:  687:int eachOtherPlayerdrawsCard(struct gameState *state, int currentPlayer)
        -:  688:{
        -:  689:  //Each other player draws a card
       21:  690:  int i = 0;
      126:  691:  for (i = 0; i < state->numPlayers; i++)
        -:  692:  {
       42:  693:    if (i != currentPlayer)
        -:  694:    {
       21:  695:      drawCard(i, state);
       21:  696:    }
       42:  697:  }
       21:  698:  return 0;
        -:  699:}
        -:  700:int discardOponentsHand(struct gameState *state, int currentPlayer, int handPos)
        -:  701:{
    #####:  702:  int i = 0;
    #####:  703:  for (i = 0; i < state->numPlayers; i++)
        -:  704:  {
    #####:  705:    if(i != currentPlayer)
        -:  706:    {
    #####:  707:      while (state->handCount[i] > 0)
        -:  708:      {
    #####:  709:        discardCard(handPos, i, state, 0);
        -:  710:      }
    #####:  711:    }
    #####:  712:  }
    #####:  713:  return 0;
        -:  714:}
        -:  715:int cardEffect(int card, int choice1, int choice2, int choice3, struct gameState *state, int handPos, int *bonus)
        -:  716:{
        -:  717:  int i;
        -:  718:  int j;
        -:  719:  int k;
        -:  720:  int x;
        -:  721:  int index;
        2:  722:  int currentPlayer = whoseTurn(state);
        2:  723:  int nextPlayer = currentPlayer + 1;
        -:  724:
        2:  725:  int tributeRevealedCards[2] = {-1, -1};
        -:  726:  int temphand[MAX_HAND];// moved above the if statement
        -:  727:
        2:  728:  if (nextPlayer > (state->numPlayers - 1)){
    #####:  729:    nextPlayer = 0;
    #####:  730:  }
        -:  731:  
        -:  732:	
        -:  733:  //uses switch to select card and perform actions
        2:  734:  switch( card ) 
        -:  735:    {
        -:  736:    case adventurer://refactored
        -:  737:
    #####:  738:      drawUntilTreasure(state, currentPlayer, 3);//bug
    #####:  739:      return 0;
        -:  740:
        -:  741:    case council_room: //refactored
        -:  742:      //+4 Cards
        -:  743:      
        1:  744:	  drawCards(state, currentPlayer, 4);
        -:  745:			
        -:  746:      //+1 Buy
        1:  747:      state->numBuys++;
        -:  748:			
        -:  749:      //Each other player draws a card
        1:  750:      eachOtherPlayerdrawsCard(state, currentPlayer);
        -:  751:			
        -:  752:      //put played card in played card pile
        1:  753:      discardCard(handPos, currentPlayer, state, 0);
        -:  754:			
        1:  755:      return 0;
        -:  756:			
        -:  757:    case feast:
        -:  758:      //gain card with cost up to 5
        -:  759:      //Backup hand
    #####:  760:      for (i = 0; i <= state->handCount[currentPlayer]; i++){
    #####:  761:	temphand[i] = state->hand[currentPlayer][i];//Backup card
    #####:  762:	state->hand[currentPlayer][i] = -1;//Set to nothing
    #####:  763:      }
        -:  764:      //Backup hand
        -:  765:
        -:  766:      //Update Coins for Buy
    #####:  767:      updateCoins(currentPlayer, state, 5);
    #####:  768:      x = 1;//Condition to loop on
    #####:  769:      while( x == 1) {//Buy one card
    #####:  770:	if (supplyCount(choice1, state) <= 0){
        -:  771:	  if (DEBUG)
        -:  772:	    printf("None of that card left, sorry!\n");
        -:  773:
        -:  774:	  if (DEBUG){
        -:  775:	    printf("Cards Left: %d\n", supplyCount(choice1, state));
        -:  776:	  }
    #####:  777:	}
    #####:  778:	else if (state->coins < getCost(choice1)){
    #####:  779:	  printf("That card is too expensive!\n");
        -:  780:
        -:  781:	  if (DEBUG){
        -:  782:	    printf("Coins: %d < %d\n", state->coins, getCost(choice1));
        -:  783:	  }
    #####:  784:	}
        -:  785:	else{
        -:  786:
        -:  787:	  if (DEBUG){
        -:  788:	    printf("Deck Count: %d\n", state->handCount[currentPlayer] + state->deckCount[currentPlayer] + state->discardCount[currentPlayer]);
        -:  789:	  }
        -:  790:
    #####:  791:	  gainCard(choice1, state, 0, currentPlayer);//Gain the card
    #####:  792:	  x = 0;//No more buying cards
        -:  793:
        -:  794:	  if (DEBUG){
        -:  795:	    printf("Deck Count: %d\n", state->handCount[currentPlayer] + state->deckCount[currentPlayer] + state->discardCount[currentPlayer]);
        -:  796:	  }
        -:  797:
        -:  798:	}
        -:  799:      }     
        -:  800:
        -:  801:      //Reset Hand
    #####:  802:      for (i = 0; i <= state->handCount[currentPlayer]; i++){
    #####:  803:	state->hand[currentPlayer][i] = temphand[i];
    #####:  804:	temphand[i] = -1;
    #####:  805:      }
        -:  806:      //Reset Hand
        -:  807:      			
    #####:  808:      return 0;
        -:  809:			
        -:  810:    case gardens:
    #####:  811:      return -1;
        -:  812:			
        -:  813:    case mine:
    #####:  814:      j = state->hand[currentPlayer][choice1];  //store card we will trash
        -:  815:
    #####:  816:      if (state->hand[currentPlayer][choice1] < copper || state->hand[currentPlayer][choice1] > gold)
        -:  817:	{
    #####:  818:	  return -1;
        -:  819:	}
        -:  820:		
    #####:  821:      if (choice2 > treasure_map || choice2 < curse)
        -:  822:	{
    #####:  823:	  return -1;
        -:  824:	}
        -:  825:
    #####:  826:      if ( (getCost(state->hand[currentPlayer][choice1]) + 3) > getCost(choice2) )
        -:  827:	{
    #####:  828:	  return -1;
        -:  829:	}
        -:  830:
    #####:  831:      gainCard(choice2, state, 2, currentPlayer);
        -:  832:
        -:  833:      //discard card from hand
    #####:  834:      discardCard(handPos, currentPlayer, state, 0);
        -:  835:
        -:  836:      //discard trashed card
    #####:  837:      for (i = 0; i < state->handCount[currentPlayer]; i++)
        -:  838:	{
    #####:  839:	  if (state->hand[currentPlayer][i] == j)
        -:  840:	    {
    #####:  841:	      discardCard(i, currentPlayer, state, 0);			
    #####:  842:	      break;
        -:  843:	    }
    #####:  844:	}
        -:  845:			
    #####:  846:      return 0;
        -:  847:			
        -:  848:    case remodel:
    #####:  849:      j = state->hand[currentPlayer][choice1];  //store card we will trash
        -:  850:
    #####:  851:      if ( (getCost(state->hand[currentPlayer][choice1]) + 2) > getCost(choice2) )
        -:  852:	{
    #####:  853:	  return -1;
        -:  854:	}
        -:  855:
    #####:  856:      gainCard(choice2, state, 0, currentPlayer);
        -:  857:
        -:  858:      //discard card from hand
    #####:  859:      discardCard(handPos, currentPlayer, state, 0);
        -:  860:
        -:  861:      //discard trashed card
    #####:  862:      for (i = 0; i < state->handCount[currentPlayer]; i++)
        -:  863:	{
    #####:  864:	  if (state->hand[currentPlayer][i] == j)
        -:  865:	    {
    #####:  866:	      discardCard(i, currentPlayer, state, 0);			
    #####:  867:	      break;
        -:  868:	    }
    #####:  869:	}
        -:  870:
        -:  871:
    #####:  872:      return 0;
        -:  873:		
        -:  874:    case smithy://refactored
        -:  875:      //+3 Cards
    #####:  876:      drawCards(state, currentPlayer, 4);// bug
        -:  877:
        -:  878:      //discard card from hand
    #####:  879:      discardCard(handPos, currentPlayer, state, 0);
    #####:  880:      return 0;
        -:  881:		
        -:  882:    case village:
        -:  883:      //+1 Card
    #####:  884:      drawCard(currentPlayer, state);
        -:  885:			
        -:  886:      //+2 Actions
    #####:  887:      state->numActions = state->numActions + 2;
        -:  888:			
        -:  889:      //discard played card from hand
    #####:  890:      discardCard(handPos, currentPlayer, state, 0);
    #####:  891:      return 0;
        -:  892:		
        -:  893:    case baron:
    #####:  894:      state->numBuys++;//Increase buys by 1!
    #####:  895:      if (choice1 > 0){//Boolean true or going to discard an estate
    #####:  896:	int p = 0;//Iterator for hand!
    #####:  897:	int card_not_discarded = 1;//Flag for discard set!
    #####:  898:	while(card_not_discarded){
    #####:  899:	  if (state->hand[currentPlayer][p] == estate){//Found an estate card!
    #####:  900:	    state->coins += 4;//Add 4 coins to the amount of coins
    #####:  901:	    state->discard[currentPlayer][state->discardCount[currentPlayer]] = state->hand[currentPlayer][p];
    #####:  902:	    state->discardCount[currentPlayer]++;
    #####:  903:	    for (;p < state->handCount[currentPlayer]; p++){
    #####:  904:	      state->hand[currentPlayer][p] = state->hand[currentPlayer][p+1];
    #####:  905:	    }
    #####:  906:	    state->hand[currentPlayer][state->handCount[currentPlayer]] = -1;
    #####:  907:	    state->handCount[currentPlayer]--;
    #####:  908:	    card_not_discarded = 0;//Exit the loop
    #####:  909:	  }
    #####:  910:	  else if (p > state->handCount[currentPlayer]){
        -:  911:	    if(DEBUG) {
        -:  912:	      printf("No estate cards in your hand, invalid choice\n");
        -:  913:	      printf("Must gain an estate if there are any\n");
        -:  914:	    }
    #####:  915:	    if (supplyCount(estate, state) > 0){
    #####:  916:	      gainCard(estate, state, 0, currentPlayer);
    #####:  917:	      state->supplyCount[estate]--;//Decrement estates
    #####:  918:	      if (supplyCount(estate, state) == 0){
    #####:  919:		isGameOver(state);
    #####:  920:	      }
    #####:  921:	    }
    #####:  922:	    card_not_discarded = 0;//Exit the loop
    #####:  923:	  }
        -:  924:			    
        -:  925:	  else{
    #####:  926:	    p++;//Next card
        -:  927:	  }
        -:  928:	}
    #####:  929:      }
        -:  930:			    
        -:  931:      else{
    #####:  932:	if (supplyCount(estate, state) > 0){
    #####:  933:	  gainCard(estate, state, 0, currentPlayer);//Gain an estate
    #####:  934:	  state->supplyCount[estate]--;//Decrement Estates
    #####:  935:	  if (supplyCount(estate, state) == 0){
    #####:  936:	    isGameOver(state);
    #####:  937:	  }
    #####:  938:	}
        -:  939:      }
        -:  940:	    
        -:  941:      
    #####:  942:      return 0;
        -:  943:		
        -:  944:    case great_hall:
        -:  945:      //+1 Card
    #####:  946:      drawCard(currentPlayer, state);
        -:  947:			
        -:  948:      //+1 Actions
    #####:  949:      state->numActions++;
        -:  950:			
        -:  951:      //discard card from hand
    #####:  952:      discardCard(handPos, currentPlayer, state, 0);
    #####:  953:      return 0;
        -:  954:		
        -:  955:    case minion://refactored
        -:  956:      //+1 action
    #####:  957:      state->numActions++;
        -:  958:			
        -:  959:      //discard card from hand
    #####:  960:      discardCard(handPos, currentPlayer, state, 0);
        -:  961:			
    #####:  962:      if (choice1)		//+2 coins
        -:  963:	    {
    #####:  964:	      state->coins = state->coins + 2;
    #####:  965:	    }
        -:  966:			
    #####:  967:      else if (choice2)		//discard hand, redraw 4, other players with 5+ cards discard hand and draw 4
        -:  968:	    {
        -:  969:	      //discard hand
    #####:  970:        while(numHandCards(state) > -1) // bug
        -:  971:        {
    #####:  972:          discardCard(handPos, currentPlayer, state, 1); // bug
        -:  973:        }
        -:  974:
    #####:  975:        drawCards(state, currentPlayer, -1);// bug
        -:  976:
        -:  977:        //other players discard hand and redraw if hand size > 4
    #####:  978:        discardOponentsHand(state, 0, handPos); // bug
    #####:  979:	    }
    #####:  980:      return -1; //bug
        -:  981:		
        -:  982:    case steward://refactored
    #####:  983:      if (choice1 == 1)
        -:  984:	    {
        -:  985:        //+2 cards
    #####:  986:        drawCards(state, currentPlayer, 2);
    #####:  987:      }
    #####:  988:      else if (choice1 == 2)
        -:  989:	    {
        -:  990:        //+2 coins
    #####:  991:        state->coins = state->coins + 2;
    #####:  992:	    }
        -:  993:      else
        -:  994:	    {
        -:  995:        //trash 2 cards in hand
    #####:  996:        discardCard(choice2, currentPlayer, state, 1);
    #####:  997:        discardCard(choice3, currentPlayer, state, 1);
        -:  998:	    }
        -:  999:			
        -: 1000:      //discard card from hand
    #####: 1001:      discardCard(handPos, currentPlayer, state, 0);
    #####: 1002:      return 0;
        -: 1003:		
        -: 1004:    case tribute:
    #####: 1005:      if ((state->discardCount[nextPlayer] + state->deckCount[nextPlayer]) <= 1){
    #####: 1006:	if (state->deckCount[nextPlayer] > 0){
    #####: 1007:	  tributeRevealedCards[0] = state->deck[nextPlayer][state->deckCount[nextPlayer]-1];
    #####: 1008:	  state->deckCount[nextPlayer]--;
    #####: 1009:	}
    #####: 1010:	else if (state->discardCount[nextPlayer] > 0){
    #####: 1011:	  tributeRevealedCards[0] = state->discard[nextPlayer][state->discardCount[nextPlayer]-1];
    #####: 1012:	  state->discardCount[nextPlayer]--;
    #####: 1013:	}
        -: 1014:	else{
        -: 1015:	  //No Card to Reveal
        -: 1016:	  if (DEBUG){
        -: 1017:	    printf("No cards to reveal\n");
        -: 1018:	  }
        -: 1019:	}
    #####: 1020:      }
        -: 1021:	    
        -: 1022:      else{
    #####: 1023:	if (state->deckCount[nextPlayer] == 0){
    #####: 1024:	  for (i = 0; i < state->discardCount[nextPlayer]; i++){
    #####: 1025:	    state->deck[nextPlayer][i] = state->discard[nextPlayer][i];//Move to deck
    #####: 1026:	    state->deckCount[nextPlayer]++;
    #####: 1027:	    state->discard[nextPlayer][i] = -1;
    #####: 1028:	    state->discardCount[nextPlayer]--;
    #####: 1029:	  }
        -: 1030:			    
    #####: 1031:	  shuffle(nextPlayer,state);//Shuffle the deck
    #####: 1032:	} 
    #####: 1033:	tributeRevealedCards[0] = state->deck[nextPlayer][state->deckCount[nextPlayer]-1];
    #####: 1034:	state->deck[nextPlayer][state->deckCount[nextPlayer]--] = -1;
    #####: 1035:	state->deckCount[nextPlayer]--;
    #####: 1036:	tributeRevealedCards[1] = state->deck[nextPlayer][state->deckCount[nextPlayer]-1];
    #####: 1037:	state->deck[nextPlayer][state->deckCount[nextPlayer]--] = -1;
    #####: 1038:	state->deckCount[nextPlayer]--;
        -: 1039:      }    
        -: 1040:		       
    #####: 1041:      if (tributeRevealedCards[0] == tributeRevealedCards[1]){//If we have a duplicate card, just drop one 
    #####: 1042:	state->playedCards[state->playedCardCount] = tributeRevealedCards[1];
    #####: 1043:	state->playedCardCount++;
    #####: 1044:	tributeRevealedCards[1] = -1;
    #####: 1045:      }
        -: 1046:
    #####: 1047:      for (i = 0; i <= 2; i ++){
    #####: 1048:	if (tributeRevealedCards[i] == copper || tributeRevealedCards[i] == silver || tributeRevealedCards[i] == gold){//Treasure cards
    #####: 1049:	  state->coins += 2;
    #####: 1050:	}
        -: 1051:		    
    #####: 1052:	else if (tributeRevealedCards[i] == estate || tributeRevealedCards[i] == duchy || tributeRevealedCards[i] == province || tributeRevealedCards[i] == gardens || tributeRevealedCards[i] == great_hall){//Victory Card Found
    #####: 1053:	  drawCard(currentPlayer, state);
    #####: 1054:	  drawCard(currentPlayer, state);
    #####: 1055:	}
        -: 1056:	else{//Action Card
    #####: 1057:	  state->numActions = state->numActions + 2;
        -: 1058:	}
    #####: 1059:      }
        -: 1060:	    
    #####: 1061:      return 0;
        -: 1062:		
        -: 1063:    case ambassador:
    #####: 1064:      j = 0;		//used to check if player has enough cards to discard
        -: 1065:
    #####: 1066:      if (choice2 > 2 || choice2 < 0)
        -: 1067:	{
    #####: 1068:	  return -1;				
        -: 1069:	}
        -: 1070:
    #####: 1071:      if (choice1 == handPos)
        -: 1072:	{
    #####: 1073:	  return -1;
        -: 1074:	}
        -: 1075:
    #####: 1076:      for (i = 0; i < state->handCount[currentPlayer]; i++)
        -: 1077:	{
    #####: 1078:	  if (i != handPos && i == state->hand[currentPlayer][choice1] && i != choice1)
        -: 1079:	    {
    #####: 1080:	      j++;
    #####: 1081:	    }
    #####: 1082:	}
    #####: 1083:      if (j < choice2)
        -: 1084:	{
    #####: 1085:	  return -1;				
        -: 1086:	}
        -: 1087:
        -: 1088:      if (DEBUG) 
        -: 1089:	printf("Player %d reveals card number: %d\n", currentPlayer, state->hand[currentPlayer][choice1]);
        -: 1090:
        -: 1091:      //increase supply count for choosen card by amount being discarded
    #####: 1092:      state->supplyCount[state->hand[currentPlayer][choice1]] += choice2;
        -: 1093:			
        -: 1094:      //each other player gains a copy of revealed card
    #####: 1095:      for (i = 0; i < state->numPlayers; i++)
        -: 1096:	{
    #####: 1097:	  if (i != currentPlayer)
        -: 1098:	    {
    #####: 1099:	      gainCard(state->hand[currentPlayer][choice1], state, 0, i);
    #####: 1100:	    }
    #####: 1101:	}
        -: 1102:
        -: 1103:      //discard played card from hand
    #####: 1104:      discardCard(handPos, currentPlayer, state, 0);			
        -: 1105:
        -: 1106:      //trash copies of cards returned to supply
    #####: 1107:      for (j = 0; j < choice2; j++)
        -: 1108:	{
    #####: 1109:	  for (i = 0; i < state->handCount[currentPlayer]; i++)
        -: 1110:	    {
    #####: 1111:	      if (state->hand[currentPlayer][i] == state->hand[currentPlayer][choice1])
        -: 1112:		{
    #####: 1113:		  discardCard(i, currentPlayer, state, 1);
    #####: 1114:		  break;
        -: 1115:		}
    #####: 1116:	    }
    #####: 1117:	}			
        -: 1118:
    #####: 1119:      return 0;
        -: 1120:		
        -: 1121:    case cutpurse:
        -: 1122:
    #####: 1123:      updateCoins(currentPlayer, state, 2);
    #####: 1124:      for (i = 0; i < state->numPlayers; i++)
        -: 1125:	{
    #####: 1126:	  if (i != currentPlayer)
        -: 1127:	    {
    #####: 1128:	      for (j = 0; j < state->handCount[i]; j++)
        -: 1129:		{
    #####: 1130:		  if (state->hand[i][j] == copper)
        -: 1131:		    {
    #####: 1132:		      discardCard(j, i, state, 0);
    #####: 1133:		      break;
        -: 1134:		    }
    #####: 1135:		  if (j == state->handCount[i])
        -: 1136:		    {
    #####: 1137:		      for (k = 0; k < state->handCount[i]; k++)
        -: 1138:			{
        -: 1139:			  if (DEBUG)
        -: 1140:			    printf("Player %d reveals card number %d\n", i, state->hand[i][k]);
    #####: 1141:			}	
    #####: 1142:		      break;
        -: 1143:		    }		
    #####: 1144:		}
        -: 1145:					
    #####: 1146:	    }
        -: 1147:				
    #####: 1148:	}				
        -: 1149:
        -: 1150:      //discard played card from hand
    #####: 1151:      discardCard(handPos, currentPlayer, state, 0);			
        -: 1152:
    #####: 1153:      return 0;
        -: 1154:
        -: 1155:		
        -: 1156:    case embargo: 
        -: 1157:      //+2 Coins
    #####: 1158:      state->coins = state->coins + 2;
        -: 1159:			
        -: 1160:      //see if selected pile is in play
    #####: 1161:      if ( state->supplyCount[choice1] == -1 )
        -: 1162:	{
    #####: 1163:	  return -1;
        -: 1164:	}
        -: 1165:			
        -: 1166:      //add embargo token to selected supply pile
    #####: 1167:      state->embargoTokens[choice1]++;
        -: 1168:			
        -: 1169:      //trash card
    #####: 1170:      discardCard(handPos, currentPlayer, state, 1);		
    #####: 1171:      return 0;
        -: 1172:		
        -: 1173:    case outpost:
        -: 1174:      //set outpost flag
        1: 1175:      state->outpostPlayed++;
        -: 1176:			
        -: 1177:      //discard card
        1: 1178:      discardCard(handPos, currentPlayer, state, 0);
        1: 1179:      return 0;
        -: 1180:		
        -: 1181:    case salvager:
        -: 1182:      //+1 buy
    #####: 1183:      state->numBuys++;
        -: 1184:			
    #####: 1185:      if (choice1)
        -: 1186:	{
        -: 1187:	  //gain coins equal to trashed card
    #####: 1188:	  state->coins = state->coins + getCost( handCard(choice1, state) );
        -: 1189:	  //trash card
    #####: 1190:	  discardCard(choice1, currentPlayer, state, 1);	
    #####: 1191:	}
        -: 1192:			
        -: 1193:      //discard card
    #####: 1194:      discardCard(handPos, currentPlayer, state, 0);
    #####: 1195:      return 0;
        -: 1196:		
        -: 1197:    case sea_hag:
    #####: 1198:      for (i = 0; i < state->numPlayers; i++){
    #####: 1199:	if (i != currentPlayer){
    #####: 1200:	  state->discard[i][state->discardCount[i]] = state->deck[i][state->deckCount[i]--];			    state->deckCount[i]--;
    #####: 1201:	  state->discardCount[i]++;
    #####: 1202:	  state->deck[i][state->deckCount[i]--] = curse;//Top card now a curse
    #####: 1203:	}
    #####: 1204:      }
    #####: 1205:      return 0;
        -: 1206:		
        -: 1207:    case treasure_map:
        -: 1208:      //search hand for another treasure_map
    #####: 1209:      index = -1;
    #####: 1210:      for (i = 0; i < state->handCount[currentPlayer]; i++)
        -: 1211:	{
    #####: 1212:	  if (state->hand[currentPlayer][i] == treasure_map && i != handPos)
        -: 1213:	    {
    #####: 1214:	      index = i;
    #####: 1215:	      break;
        -: 1216:	    }
    #####: 1217:	}
    #####: 1218:      if (index > -1)
        -: 1219:	{
        -: 1220:	  //trash both treasure cards
    #####: 1221:	  discardCard(handPos, currentPlayer, state, 1);
    #####: 1222:	  discardCard(index, currentPlayer, state, 1);
        -: 1223:
        -: 1224:	  //gain 4 Gold cards
    #####: 1225:	  for (i = 0; i < 4; i++)
        -: 1226:	    {
    #####: 1227:	      gainCard(gold, state, 1, currentPlayer);
    #####: 1228:	    }
        -: 1229:				
        -: 1230:	  //return success
    #####: 1231:	  return 1;
        -: 1232:	}
        -: 1233:			
        -: 1234:      //no second treasure_map found in hand
    #####: 1235:      return -1;
        -: 1236:    }
        -: 1237:	
    #####: 1238:  return -1;
        2: 1239:}
        -: 1240:
        -: 1241:int discardCard(int handPos, int currentPlayer, struct gameState *state, int trashFlag)
        -: 1242:{
        -: 1243:	
        -: 1244:  //if card is not trashed, added to Played pile 
        2: 1245:  if (trashFlag < 1)
        -: 1246:    {
        -: 1247:      //add card to played pile
        2: 1248:      state->playedCards[state->playedCardCount] = state->hand[currentPlayer][handPos]; 
        2: 1249:      state->playedCardCount++;
        2: 1250:    }
        -: 1251:	
        -: 1252:  //set played card to -1
        2: 1253:  state->hand[currentPlayer][handPos] = -1;
        -: 1254:	
        -: 1255:  //remove card from player's hand
        2: 1256:  if ( handPos == (state->handCount[currentPlayer] - 1) ) 	//last card in hand array is played
        -: 1257:    {
        -: 1258:      //reduce number of cards in hand
    #####: 1259:      state->handCount[currentPlayer]--;
    #####: 1260:    }
        2: 1261:  else if ( state->handCount[currentPlayer] == 1 ) //only one card in hand
        -: 1262:    {
        -: 1263:      //reduce number of cards in hand
    #####: 1264:      state->handCount[currentPlayer]--;
    #####: 1265:    }
        -: 1266:  else 	
        -: 1267:    {
        -: 1268:      //replace discarded card with last card in hand
        2: 1269:      state->hand[currentPlayer][handPos] = state->hand[currentPlayer][ (state->handCount[currentPlayer] - 1)];
        -: 1270:      //set last card to -1
        2: 1271:      state->hand[currentPlayer][state->handCount[currentPlayer] - 1] = -1;
        -: 1272:      //reduce number of cards in hand
        2: 1273:      state->handCount[currentPlayer]--;
        -: 1274:    }
        -: 1275:	
        2: 1276:  return 0;
        -: 1277:}
        -: 1278:
        -: 1279:int gainCard(int supplyPos, struct gameState *state, int toFlag, int player)
        -: 1280:{
        -: 1281:  //Note: supplyPos is enum of choosen card
        -: 1282:	
        -: 1283:  //check if supply pile is empty (0) or card is not used in game (-1)
    #####: 1284:  if ( supplyCount(supplyPos, state) < 1 )
        -: 1285:    {
    #####: 1286:      return -1;
        -: 1287:    }
        -: 1288:	
        -: 1289:  //added card for [whoseTurn] current player:
        -: 1290:  // toFlag = 0 : add to discard
        -: 1291:  // toFlag = 1 : add to deck
        -: 1292:  // toFlag = 2 : add to hand
        -: 1293:
    #####: 1294:  if (toFlag == 1)
        -: 1295:    {
    #####: 1296:      state->deck[ player ][ state->deckCount[player] ] = supplyPos;
    #####: 1297:      state->deckCount[player]++;
    #####: 1298:    }
    #####: 1299:  else if (toFlag == 2)
        -: 1300:    {
    #####: 1301:      state->hand[ player ][ state->handCount[player] ] = supplyPos;
    #####: 1302:      state->handCount[player]++;
    #####: 1303:    }
        -: 1304:  else
        -: 1305:    {
    #####: 1306:      state->discard[player][ state->discardCount[player] ] = supplyPos;
    #####: 1307:      state->discardCount[player]++;
        -: 1308:    }
        -: 1309:	
        -: 1310:  //decrease number in supply pile
    #####: 1311:  state->supplyCount[supplyPos]--;
        -: 1312:	 
    #####: 1313:  return 0;
    #####: 1314:}
        -: 1315:
        -: 1316:int updateCoins(int player, struct gameState *state, int bonus)
        -: 1317:{
        -: 1318:  int i;
        -: 1319:	
        -: 1320:  //reset coin count
       82: 1321:  state->coins = 0;
        -: 1322:
        -: 1323:  //add coins for each Treasure card in player's hand
      984: 1324:  for (i = 0; i < state->handCount[player]; i++)
        -: 1325:    {
      410: 1326:      if (state->hand[player][i] == copper)
        -: 1327:	{
      328: 1328:	  state->coins += 1;
      328: 1329:	}
       82: 1330:      else if (state->hand[player][i] == silver)
        -: 1331:	{
    #####: 1332:	  state->coins += 2;
    #####: 1333:	}
       82: 1334:      else if (state->hand[player][i] == gold)
        -: 1335:	{
    #####: 1336:	  state->coins += 3;
    #####: 1337:	}	
      410: 1338:    }	
        -: 1339:
        -: 1340:  //add bonus
       82: 1341:  state->coins += bonus;
        -: 1342:
       82: 1343:  return 0;
        -: 1344:}
        -: 1345:
        -: 1346:
        -: 1347://end of dominion.c
        -: 1348:
